mode: set
github.com/tsawler/go-metal/optimizer/adadelta.go:42.45,48.2 1 1
github.com/tsawler/go-metal/optimizer/adadelta.go:56.36,57.26 1 0
github.com/tsawler/go-metal/optimizer/adadelta.go:57.26,59.3 1 0
github.com/tsawler/go-metal/optimizer/adadelta.go:61.2,61.19 1 0
github.com/tsawler/go-metal/optimizer/adadelta.go:61.19,63.3 1 0
github.com/tsawler/go-metal/optimizer/adadelta.go:65.2,65.28 1 0
github.com/tsawler/go-metal/optimizer/adadelta.go:65.28,67.3 1 0
github.com/tsawler/go-metal/optimizer/adadelta.go:69.2,69.40 1 0
github.com/tsawler/go-metal/optimizer/adadelta.go:69.40,71.3 1 0
github.com/tsawler/go-metal/optimizer/adadelta.go:73.2,87.37 3 0
github.com/tsawler/go-metal/optimizer/adadelta.go:87.37,92.34 3 0
github.com/tsawler/go-metal/optimizer/adadelta.go:92.34,95.4 2 0
github.com/tsawler/go-metal/optimizer/adadelta.go:96.3,100.36 3 0
github.com/tsawler/go-metal/optimizer/adadelta.go:100.36,103.4 2 0
github.com/tsawler/go-metal/optimizer/adadelta.go:104.3,107.116 2 0
github.com/tsawler/go-metal/optimizer/adadelta.go:107.116,110.4 2 0
github.com/tsawler/go-metal/optimizer/adadelta.go:111.3,111.118 1 0
github.com/tsawler/go-metal/optimizer/adadelta.go:111.118,114.4 2 0
github.com/tsawler/go-metal/optimizer/adadelta.go:117.2,117.22 1 0
github.com/tsawler/go-metal/optimizer/adadelta.go:121.51,122.48 1 0
github.com/tsawler/go-metal/optimizer/adadelta.go:122.48,123.47 1 0
github.com/tsawler/go-metal/optimizer/adadelta.go:123.47,125.4 1 0
github.com/tsawler/go-metal/optimizer/adadelta.go:126.3,126.49 1 0
github.com/tsawler/go-metal/optimizer/adadelta.go:126.49,128.4 1 0
github.com/tsawler/go-metal/optimizer/adadelta.go:133.96,134.55 1 0
github.com/tsawler/go-metal/optimizer/adadelta.go:134.55,136.3 1 0
github.com/tsawler/go-metal/optimizer/adadelta.go:138.2,139.12 2 0
github.com/tsawler/go-metal/optimizer/adadelta.go:143.86,144.57 1 0
github.com/tsawler/go-metal/optimizer/adadelta.go:144.57,147.3 1 0
github.com/tsawler/go-metal/optimizer/adadelta.go:149.2,153.56 3 0
github.com/tsawler/go-metal/optimizer/adadelta.go:153.56,167.3 1 0
github.com/tsawler/go-metal/optimizer/adadelta.go:167.8,180.3 1 0
github.com/tsawler/go-metal/optimizer/adadelta.go:182.2,182.16 1 0
github.com/tsawler/go-metal/optimizer/adadelta.go:182.16,184.3 1 0
github.com/tsawler/go-metal/optimizer/adadelta.go:187.2,187.34 1 0
github.com/tsawler/go-metal/optimizer/adadelta.go:187.34,189.3 1 0
github.com/tsawler/go-metal/optimizer/adadelta.go:191.2,191.12 1 0
github.com/tsawler/go-metal/optimizer/adadelta.go:195.77,198.2 2 0
github.com/tsawler/go-metal/optimizer/adadelta.go:201.58,203.2 1 0
github.com/tsawler/go-metal/optimizer/adadelta.go:206.75,213.2 1 0
github.com/tsawler/go-metal/optimizer/adadelta.go:216.51,218.2 1 0
github.com/tsawler/go-metal/optimizer/adadelta.go:221.81,223.2 1 0
github.com/tsawler/go-metal/optimizer/adagrad.go:41.43,47.2 1 0
github.com/tsawler/go-metal/optimizer/adagrad.go:55.35,56.26 1 0
github.com/tsawler/go-metal/optimizer/adagrad.go:56.26,58.3 1 0
github.com/tsawler/go-metal/optimizer/adagrad.go:60.2,60.19 1 0
github.com/tsawler/go-metal/optimizer/adagrad.go:60.19,62.3 1 0
github.com/tsawler/go-metal/optimizer/adagrad.go:64.2,64.28 1 0
github.com/tsawler/go-metal/optimizer/adagrad.go:64.28,66.3 1 0
github.com/tsawler/go-metal/optimizer/adagrad.go:68.2,81.37 3 0
github.com/tsawler/go-metal/optimizer/adagrad.go:81.37,86.34 3 0
github.com/tsawler/go-metal/optimizer/adagrad.go:86.34,89.4 2 0
github.com/tsawler/go-metal/optimizer/adagrad.go:90.3,93.114 2 0
github.com/tsawler/go-metal/optimizer/adagrad.go:93.114,96.4 2 0
github.com/tsawler/go-metal/optimizer/adagrad.go:99.2,99.21 1 0
github.com/tsawler/go-metal/optimizer/adagrad.go:103.49,104.47 1 0
github.com/tsawler/go-metal/optimizer/adagrad.go:104.47,105.46 1 0
github.com/tsawler/go-metal/optimizer/adagrad.go:105.46,107.4 1 0
github.com/tsawler/go-metal/optimizer/adagrad.go:112.94,113.54 1 0
github.com/tsawler/go-metal/optimizer/adagrad.go:113.54,115.3 1 0
github.com/tsawler/go-metal/optimizer/adagrad.go:117.2,118.12 2 0
github.com/tsawler/go-metal/optimizer/adagrad.go:122.84,123.56 1 0
github.com/tsawler/go-metal/optimizer/adagrad.go:123.56,126.3 1 0
github.com/tsawler/go-metal/optimizer/adagrad.go:128.2,132.54 3 0
github.com/tsawler/go-metal/optimizer/adagrad.go:132.54,145.3 1 0
github.com/tsawler/go-metal/optimizer/adagrad.go:145.8,157.3 1 0
github.com/tsawler/go-metal/optimizer/adagrad.go:159.2,159.16 1 0
github.com/tsawler/go-metal/optimizer/adagrad.go:159.16,161.3 1 0
github.com/tsawler/go-metal/optimizer/adagrad.go:164.2,164.33 1 0
github.com/tsawler/go-metal/optimizer/adagrad.go:164.33,166.3 1 0
github.com/tsawler/go-metal/optimizer/adagrad.go:168.2,168.12 1 0
github.com/tsawler/go-metal/optimizer/adagrad.go:172.75,175.2 2 0
github.com/tsawler/go-metal/optimizer/adagrad.go:178.56,180.2 1 0
github.com/tsawler/go-metal/optimizer/adagrad.go:183.73,190.2 1 0
github.com/tsawler/go-metal/optimizer/adagrad.go:193.49,195.2 1 0
github.com/tsawler/go-metal/optimizer/adagrad.go:198.79,199.16 1 0
github.com/tsawler/go-metal/optimizer/adagrad.go:199.16,201.3 1 0
github.com/tsawler/go-metal/optimizer/adagrad.go:202.2,203.12 2 0
github.com/tsawler/go-metal/optimizer/adam.go:50.37,58.2 1 1
github.com/tsawler/go-metal/optimizer/adam.go:66.32,67.26 1 0
github.com/tsawler/go-metal/optimizer/adam.go:67.26,69.3 1 0
github.com/tsawler/go-metal/optimizer/adam.go:71.2,71.19 1 0
github.com/tsawler/go-metal/optimizer/adam.go:71.19,73.3 1 0
github.com/tsawler/go-metal/optimizer/adam.go:75.2,75.28 1 0
github.com/tsawler/go-metal/optimizer/adam.go:75.28,77.3 1 0
github.com/tsawler/go-metal/optimizer/adam.go:79.2,97.37 3 0
github.com/tsawler/go-metal/optimizer/adam.go:97.37,104.28 4 0
github.com/tsawler/go-metal/optimizer/adam.go:104.28,107.4 2 0
github.com/tsawler/go-metal/optimizer/adam.go:108.3,112.28 3 0
github.com/tsawler/go-metal/optimizer/adam.go:112.28,116.4 3 0
github.com/tsawler/go-metal/optimizer/adam.go:117.3,121.17 3 0
github.com/tsawler/go-metal/optimizer/adam.go:121.17,126.4 4 0
github.com/tsawler/go-metal/optimizer/adam.go:128.3,129.17 2 0
github.com/tsawler/go-metal/optimizer/adam.go:129.17,134.4 4 0
github.com/tsawler/go-metal/optimizer/adam.go:137.2,137.18 1 0
github.com/tsawler/go-metal/optimizer/adam.go:141.43,143.28 2 1
github.com/tsawler/go-metal/optimizer/adam.go:143.28,145.3 1 1
github.com/tsawler/go-metal/optimizer/adam.go:146.2,146.13 1 1
github.com/tsawler/go-metal/optimizer/adam.go:150.56,151.33 1 0
github.com/tsawler/go-metal/optimizer/adam.go:151.33,152.37 1 0
github.com/tsawler/go-metal/optimizer/adam.go:152.37,155.4 2 0
github.com/tsawler/go-metal/optimizer/adam.go:156.3,156.37 1 0
github.com/tsawler/go-metal/optimizer/adam.go:156.37,159.4 2 0
github.com/tsawler/go-metal/optimizer/adam.go:165.88,166.51 1 0
github.com/tsawler/go-metal/optimizer/adam.go:166.51,168.3 1 0
github.com/tsawler/go-metal/optimizer/adam.go:170.2,171.12 2 0
github.com/tsawler/go-metal/optimizer/adam.go:176.78,177.53 1 0
github.com/tsawler/go-metal/optimizer/adam.go:177.53,180.3 1 0
github.com/tsawler/go-metal/optimizer/adam.go:182.2,228.16 4 0
github.com/tsawler/go-metal/optimizer/adam.go:228.16,230.3 1 0
github.com/tsawler/go-metal/optimizer/adam.go:232.2,232.12 1 0
github.com/tsawler/go-metal/optimizer/adam.go:236.32,237.12 1 0
github.com/tsawler/go-metal/optimizer/adam.go:237.12,239.3 1 0
github.com/tsawler/go-metal/optimizer/adam.go:240.2,240.12 1 0
github.com/tsawler/go-metal/optimizer/adam.go:240.12,242.3 1 0
github.com/tsawler/go-metal/optimizer/adam.go:245.2,246.30 2 0
github.com/tsawler/go-metal/optimizer/adam.go:246.30,248.3 1 0
github.com/tsawler/go-metal/optimizer/adam.go:249.2,249.15 1 0
github.com/tsawler/go-metal/optimizer/adam.go:253.67,255.2 1 1
github.com/tsawler/go-metal/optimizer/adam.go:259.76,262.2 2 0
github.com/tsawler/go-metal/optimizer/adam.go:265.50,267.2 1 1
github.com/tsawler/go-metal/optimizer/adam.go:270.54,281.2 1 1
github.com/tsawler/go-metal/optimizer/adam.go:296.58,298.40 2 1
github.com/tsawler/go-metal/optimizer/adam.go:298.40,300.3 1 1
github.com/tsawler/go-metal/optimizer/adam.go:301.2,301.14 1 1
github.com/tsawler/go-metal/optimizer/adam.go:305.43,306.38 1 0
github.com/tsawler/go-metal/optimizer/adam.go:306.38,307.37 1 0
github.com/tsawler/go-metal/optimizer/adam.go:307.37,310.4 2 0
github.com/tsawler/go-metal/optimizer/adam.go:311.3,311.37 1 0
github.com/tsawler/go-metal/optimizer/adam.go:311.37,314.4 2 0
github.com/tsawler/go-metal/optimizer/adam.go:318.2,321.24 4 0
github.com/tsawler/go-metal/optimizer/lbfgs.go:55.39,64.2 1 0
github.com/tsawler/go-metal/optimizer/lbfgs.go:72.33,73.26 1 0
github.com/tsawler/go-metal/optimizer/lbfgs.go:73.26,75.3 1 0
github.com/tsawler/go-metal/optimizer/lbfgs.go:77.2,77.19 1 0
github.com/tsawler/go-metal/optimizer/lbfgs.go:77.19,79.3 1 0
github.com/tsawler/go-metal/optimizer/lbfgs.go:81.2,81.28 1 0
github.com/tsawler/go-metal/optimizer/lbfgs.go:81.28,83.3 1 0
github.com/tsawler/go-metal/optimizer/lbfgs.go:85.2,85.29 1 0
github.com/tsawler/go-metal/optimizer/lbfgs.go:85.29,87.3 1 0
github.com/tsawler/go-metal/optimizer/lbfgs.go:89.2,108.37 3 0
github.com/tsawler/go-metal/optimizer/lbfgs.go:108.37,110.3 1 0
github.com/tsawler/go-metal/optimizer/lbfgs.go:113.2,113.42 1 0
github.com/tsawler/go-metal/optimizer/lbfgs.go:113.42,118.42 3 0
github.com/tsawler/go-metal/optimizer/lbfgs.go:118.42,121.22 2 0
github.com/tsawler/go-metal/optimizer/lbfgs.go:121.22,124.5 2 0
github.com/tsawler/go-metal/optimizer/lbfgs.go:125.4,129.22 3 0
github.com/tsawler/go-metal/optimizer/lbfgs.go:129.22,132.5 2 0
github.com/tsawler/go-metal/optimizer/lbfgs.go:133.4,136.82 2 0
github.com/tsawler/go-metal/optimizer/lbfgs.go:136.82,139.5 2 0
github.com/tsawler/go-metal/optimizer/lbfgs.go:140.4,140.82 1 0
github.com/tsawler/go-metal/optimizer/lbfgs.go:140.82,143.5 2 0
github.com/tsawler/go-metal/optimizer/lbfgs.go:147.3,148.23 2 0
github.com/tsawler/go-metal/optimizer/lbfgs.go:148.23,151.4 2 0
github.com/tsawler/go-metal/optimizer/lbfgs.go:152.3,152.34 1 0
github.com/tsawler/go-metal/optimizer/lbfgs.go:156.2,158.30 3 0
github.com/tsawler/go-metal/optimizer/lbfgs.go:158.30,161.3 2 0
github.com/tsawler/go-metal/optimizer/lbfgs.go:164.2,164.41 1 0
github.com/tsawler/go-metal/optimizer/lbfgs.go:164.41,167.27 2 0
github.com/tsawler/go-metal/optimizer/lbfgs.go:167.27,170.4 2 0
github.com/tsawler/go-metal/optimizer/lbfgs.go:171.3,175.29 3 0
github.com/tsawler/go-metal/optimizer/lbfgs.go:175.29,178.4 2 0
github.com/tsawler/go-metal/optimizer/lbfgs.go:179.3,182.87 2 0
github.com/tsawler/go-metal/optimizer/lbfgs.go:182.87,185.4 2 0
github.com/tsawler/go-metal/optimizer/lbfgs.go:186.3,186.89 1 0
github.com/tsawler/go-metal/optimizer/lbfgs.go:186.89,189.4 2 0
github.com/tsawler/go-metal/optimizer/lbfgs.go:192.2,192.19 1 0
github.com/tsawler/go-metal/optimizer/lbfgs.go:196.45,198.48 1 0
github.com/tsawler/go-metal/optimizer/lbfgs.go:198.48,199.31 1 0
github.com/tsawler/go-metal/optimizer/lbfgs.go:199.31,200.50 1 0
github.com/tsawler/go-metal/optimizer/lbfgs.go:200.50,201.36 1 0
github.com/tsawler/go-metal/optimizer/lbfgs.go:201.36,203.6 1 0
github.com/tsawler/go-metal/optimizer/lbfgs.go:206.3,206.31 1 0
github.com/tsawler/go-metal/optimizer/lbfgs.go:206.31,207.50 1 0
github.com/tsawler/go-metal/optimizer/lbfgs.go:207.50,208.36 1 0
github.com/tsawler/go-metal/optimizer/lbfgs.go:208.36,210.6 1 0
github.com/tsawler/go-metal/optimizer/lbfgs.go:213.3,213.33 1 0
github.com/tsawler/go-metal/optimizer/lbfgs.go:213.33,215.4 1 0
github.com/tsawler/go-metal/optimizer/lbfgs.go:219.2,219.30 1 0
github.com/tsawler/go-metal/optimizer/lbfgs.go:219.30,221.3 1 0
github.com/tsawler/go-metal/optimizer/lbfgs.go:224.2,224.48 1 0
github.com/tsawler/go-metal/optimizer/lbfgs.go:224.48,225.35 1 0
github.com/tsawler/go-metal/optimizer/lbfgs.go:225.35,227.4 1 0
github.com/tsawler/go-metal/optimizer/lbfgs.go:228.3,228.32 1 0
github.com/tsawler/go-metal/optimizer/lbfgs.go:228.32,230.4 1 0
github.com/tsawler/go-metal/optimizer/lbfgs.go:235.90,236.52 1 0
github.com/tsawler/go-metal/optimizer/lbfgs.go:236.52,238.3 1 0
github.com/tsawler/go-metal/optimizer/lbfgs.go:240.2,241.12 2 0
github.com/tsawler/go-metal/optimizer/lbfgs.go:245.101,246.54 1 0
github.com/tsawler/go-metal/optimizer/lbfgs.go:246.54,249.3 1 0
github.com/tsawler/go-metal/optimizer/lbfgs.go:251.2,279.16 3 0
github.com/tsawler/go-metal/optimizer/lbfgs.go:279.16,281.3 1 0
github.com/tsawler/go-metal/optimizer/lbfgs.go:287.2,288.51 2 0
github.com/tsawler/go-metal/optimizer/lbfgs.go:288.51,290.3 1 0
github.com/tsawler/go-metal/optimizer/lbfgs.go:292.2,295.31 2 0
github.com/tsawler/go-metal/optimizer/lbfgs.go:295.31,298.3 1 0
github.com/tsawler/go-metal/optimizer/lbfgs.go:300.2,300.12 1 0
github.com/tsawler/go-metal/optimizer/lbfgs.go:304.71,307.2 2 0
github.com/tsawler/go-metal/optimizer/lbfgs.go:310.52,312.2 1 0
github.com/tsawler/go-metal/optimizer/lbfgs.go:315.69,322.2 1 0
github.com/tsawler/go-metal/optimizer/lbfgs.go:325.45,327.2 1 0
github.com/tsawler/go-metal/optimizer/lbfgs.go:330.75,332.2 1 0
github.com/tsawler/go-metal/optimizer/nadam.go:46.39,54.2 1 1
github.com/tsawler/go-metal/optimizer/nadam.go:62.33,63.26 1 0
github.com/tsawler/go-metal/optimizer/nadam.go:63.26,65.3 1 0
github.com/tsawler/go-metal/optimizer/nadam.go:67.2,67.19 1 0
github.com/tsawler/go-metal/optimizer/nadam.go:67.19,69.3 1 0
github.com/tsawler/go-metal/optimizer/nadam.go:71.2,71.28 1 0
github.com/tsawler/go-metal/optimizer/nadam.go:71.28,73.3 1 0
github.com/tsawler/go-metal/optimizer/nadam.go:76.2,76.30 1 0
github.com/tsawler/go-metal/optimizer/nadam.go:76.30,78.3 1 0
github.com/tsawler/go-metal/optimizer/nadam.go:79.2,79.43 1 0
github.com/tsawler/go-metal/optimizer/nadam.go:79.43,81.3 1 0
github.com/tsawler/go-metal/optimizer/nadam.go:82.2,82.43 1 0
github.com/tsawler/go-metal/optimizer/nadam.go:82.43,84.3 1 0
github.com/tsawler/go-metal/optimizer/nadam.go:85.2,85.25 1 0
github.com/tsawler/go-metal/optimizer/nadam.go:85.25,87.3 1 0
github.com/tsawler/go-metal/optimizer/nadam.go:88.2,88.28 1 0
github.com/tsawler/go-metal/optimizer/nadam.go:88.28,90.3 1 0
github.com/tsawler/go-metal/optimizer/nadam.go:92.2,106.37 3 0
github.com/tsawler/go-metal/optimizer/nadam.go:106.37,113.28 4 0
github.com/tsawler/go-metal/optimizer/nadam.go:113.28,116.4 2 0
github.com/tsawler/go-metal/optimizer/nadam.go:117.3,121.28 3 0
github.com/tsawler/go-metal/optimizer/nadam.go:121.28,125.4 3 0
github.com/tsawler/go-metal/optimizer/nadam.go:126.3,130.17 3 0
github.com/tsawler/go-metal/optimizer/nadam.go:130.17,135.4 4 0
github.com/tsawler/go-metal/optimizer/nadam.go:137.3,138.17 2 0
github.com/tsawler/go-metal/optimizer/nadam.go:138.17,143.4 4 0
github.com/tsawler/go-metal/optimizer/nadam.go:146.2,146.19 1 0
github.com/tsawler/go-metal/optimizer/nadam.go:150.58,151.33 1 0
github.com/tsawler/go-metal/optimizer/nadam.go:151.33,152.38 1 0
github.com/tsawler/go-metal/optimizer/nadam.go:152.38,155.4 2 0
github.com/tsawler/go-metal/optimizer/nadam.go:156.3,156.38 1 0
github.com/tsawler/go-metal/optimizer/nadam.go:156.38,159.4 2 0
github.com/tsawler/go-metal/optimizer/nadam.go:165.90,166.52 1 0
github.com/tsawler/go-metal/optimizer/nadam.go:166.52,168.3 1 0
github.com/tsawler/go-metal/optimizer/nadam.go:170.2,171.12 2 0
github.com/tsawler/go-metal/optimizer/nadam.go:176.80,177.54 1 0
github.com/tsawler/go-metal/optimizer/nadam.go:177.54,180.3 1 0
github.com/tsawler/go-metal/optimizer/nadam.go:182.2,200.16 3 0
github.com/tsawler/go-metal/optimizer/nadam.go:200.16,202.3 1 0
github.com/tsawler/go-metal/optimizer/nadam.go:204.2,204.12 1 0
github.com/tsawler/go-metal/optimizer/nadam.go:208.75,209.16 1 0
github.com/tsawler/go-metal/optimizer/nadam.go:209.16,211.3 1 0
github.com/tsawler/go-metal/optimizer/nadam.go:212.2,213.12 2 0
github.com/tsawler/go-metal/optimizer/nadam.go:217.78,220.2 2 0
github.com/tsawler/go-metal/optimizer/nadam.go:223.52,225.2 1 0
github.com/tsawler/go-metal/optimizer/nadam.go:228.69,237.2 1 0
github.com/tsawler/go-metal/optimizer/nadam.go:240.45,241.39 1 0
github.com/tsawler/go-metal/optimizer/nadam.go:241.39,242.38 1 0
github.com/tsawler/go-metal/optimizer/nadam.go:242.38,245.4 2 0
github.com/tsawler/go-metal/optimizer/nadam.go:246.3,246.38 1 0
github.com/tsawler/go-metal/optimizer/nadam.go:246.38,249.4 2 0
github.com/tsawler/go-metal/optimizer/nadam.go:253.2,256.25 4 0
github.com/tsawler/go-metal/optimizer/optimizer_test_fixed.go:9.46,10.41 1 0
github.com/tsawler/go-metal/optimizer/optimizer_test_fixed.go:10.41,13.35 2 0
github.com/tsawler/go-metal/optimizer/optimizer_test_fixed.go:13.35,15.4 1 0
github.com/tsawler/go-metal/optimizer/optimizer_test_fixed.go:17.3,17.26 1 0
github.com/tsawler/go-metal/optimizer/optimizer_test_fixed.go:17.26,19.4 1 0
github.com/tsawler/go-metal/optimizer/optimizer_test_fixed.go:21.3,21.28 1 0
github.com/tsawler/go-metal/optimizer/optimizer_test_fixed.go:21.28,23.4 1 0
github.com/tsawler/go-metal/optimizer/optimizer_test_fixed.go:25.3,25.29 1 0
github.com/tsawler/go-metal/optimizer/optimizer_test_fixed.go:25.29,27.4 1 0
github.com/tsawler/go-metal/optimizer/optimizer_test_fixed.go:29.3,29.32 1 0
github.com/tsawler/go-metal/optimizer/optimizer_test_fixed.go:29.32,31.4 1 0
github.com/tsawler/go-metal/optimizer/optimizer_test_fixed.go:34.2,34.45 1 0
github.com/tsawler/go-metal/optimizer/optimizer_test_fixed.go:34.45,39.25 2 0
github.com/tsawler/go-metal/optimizer/optimizer_test_fixed.go:39.25,41.4 1 0
github.com/tsawler/go-metal/optimizer/optimizer_test_fixed.go:43.3,43.29 1 0
github.com/tsawler/go-metal/optimizer/optimizer_test_fixed.go:43.29,45.4 1 0
github.com/tsawler/go-metal/optimizer/optimizer_test_fixed.go:47.3,47.32 1 0
github.com/tsawler/go-metal/optimizer/optimizer_test_fixed.go:47.32,49.4 1 0
github.com/tsawler/go-metal/optimizer/optimizer_test_fixed.go:52.2,52.44 1 0
github.com/tsawler/go-metal/optimizer/optimizer_test_fixed.go:52.44,55.34 2 0
github.com/tsawler/go-metal/optimizer/optimizer_test_fixed.go:55.34,57.4 1 0
github.com/tsawler/go-metal/optimizer/optimizer_test_fixed.go:59.3,59.30 1 0
github.com/tsawler/go-metal/optimizer/optimizer_test_fixed.go:59.30,61.4 1 0
github.com/tsawler/go-metal/optimizer/optimizer_test_fixed.go:63.3,63.32 1 0
github.com/tsawler/go-metal/optimizer/optimizer_test_fixed.go:63.32,65.4 1 0
github.com/tsawler/go-metal/optimizer/optimizer_test_fixed.go:68.2,68.42 1 0
github.com/tsawler/go-metal/optimizer/optimizer_test_fixed.go:68.42,71.31 2 0
github.com/tsawler/go-metal/optimizer/optimizer_test_fixed.go:71.31,73.4 1 0
github.com/tsawler/go-metal/optimizer/optimizer_test_fixed.go:75.3,75.35 1 0
github.com/tsawler/go-metal/optimizer/optimizer_test_fixed.go:75.35,77.4 1 0
github.com/tsawler/go-metal/optimizer/optimizer_test_fixed.go:79.3,79.33 1 0
github.com/tsawler/go-metal/optimizer/optimizer_test_fixed.go:79.33,81.4 1 0
github.com/tsawler/go-metal/optimizer/optimizer_test_fixed.go:83.3,83.24 1 0
github.com/tsawler/go-metal/optimizer/optimizer_test_fixed.go:83.24,85.4 1 0
github.com/tsawler/go-metal/optimizer/optimizer_test_fixed.go:87.3,87.23 1 0
github.com/tsawler/go-metal/optimizer/optimizer_test_fixed.go:87.23,89.4 1 0
github.com/tsawler/go-metal/optimizer/optimizer_test_fixed.go:91.3,91.32 1 0
github.com/tsawler/go-metal/optimizer/optimizer_test_fixed.go:91.32,93.4 1 0
github.com/tsawler/go-metal/optimizer/optimizer_test_fixed.go:96.2,96.44 1 0
github.com/tsawler/go-metal/optimizer/optimizer_test_fixed.go:96.44,99.34 2 0
github.com/tsawler/go-metal/optimizer/optimizer_test_fixed.go:99.34,101.4 1 0
github.com/tsawler/go-metal/optimizer/optimizer_test_fixed.go:103.3,103.27 1 0
github.com/tsawler/go-metal/optimizer/optimizer_test_fixed.go:103.27,105.4 1 0
github.com/tsawler/go-metal/optimizer/optimizer_test_fixed.go:107.3,107.29 1 0
github.com/tsawler/go-metal/optimizer/optimizer_test_fixed.go:107.29,109.4 1 0
github.com/tsawler/go-metal/optimizer/optimizer_test_fixed.go:111.3,111.32 1 0
github.com/tsawler/go-metal/optimizer/optimizer_test_fixed.go:111.32,113.4 1 0
github.com/tsawler/go-metal/optimizer/optimizer_test_fixed.go:115.3,115.29 1 0
github.com/tsawler/go-metal/optimizer/optimizer_test_fixed.go:115.29,117.4 1 0
github.com/tsawler/go-metal/optimizer/optimizer_test_fixed.go:119.3,119.31 1 0
github.com/tsawler/go-metal/optimizer/optimizer_test_fixed.go:119.31,121.4 1 0
github.com/tsawler/go-metal/optimizer/optimizer_test_fixed.go:124.2,124.42 1 0
github.com/tsawler/go-metal/optimizer/optimizer_test_fixed.go:124.42,127.35 2 0
github.com/tsawler/go-metal/optimizer/optimizer_test_fixed.go:127.35,129.4 1 0
github.com/tsawler/go-metal/optimizer/optimizer_test_fixed.go:131.3,131.26 1 0
github.com/tsawler/go-metal/optimizer/optimizer_test_fixed.go:131.26,133.4 1 0
github.com/tsawler/go-metal/optimizer/optimizer_test_fixed.go:135.3,135.28 1 0
github.com/tsawler/go-metal/optimizer/optimizer_test_fixed.go:135.28,137.4 1 0
github.com/tsawler/go-metal/optimizer/optimizer_test_fixed.go:139.3,139.29 1 0
github.com/tsawler/go-metal/optimizer/optimizer_test_fixed.go:139.29,141.4 1 0
github.com/tsawler/go-metal/optimizer/optimizer_test_fixed.go:143.3,143.32 1 0
github.com/tsawler/go-metal/optimizer/optimizer_test_fixed.go:143.32,145.4 1 0
github.com/tsawler/go-metal/optimizer/optimizer_test_fixed.go:150.2,150.49 1 0
github.com/tsawler/go-metal/optimizer/optimizer_test_fixed.go:154.46,170.29 2 0
github.com/tsawler/go-metal/optimizer/optimizer_test_fixed.go:170.29,171.39 1 0
github.com/tsawler/go-metal/optimizer/optimizer_test_fixed.go:171.39,173.31 2 0
github.com/tsawler/go-metal/optimizer/optimizer_test_fixed.go:173.31,176.5 1 0
github.com/tsawler/go-metal/optimizer/optimizer_test_fixed.go:180.2,180.47 1 0
github.com/tsawler/go-metal/optimizer/optimizer_test_fixed.go:184.50,185.51 1 0
github.com/tsawler/go-metal/optimizer/optimizer_test_fixed.go:185.51,196.36 2 0
github.com/tsawler/go-metal/optimizer/optimizer_test_fixed.go:196.36,198.4 1 0
github.com/tsawler/go-metal/optimizer/optimizer_test_fixed.go:200.3,200.54 1 0
github.com/tsawler/go-metal/optimizer/optimizer_test_fixed.go:200.54,202.4 1 0
github.com/tsawler/go-metal/optimizer/optimizer_test_fixed.go:204.3,204.54 1 0
github.com/tsawler/go-metal/optimizer/optimizer_test_fixed.go:204.54,206.4 1 0
github.com/tsawler/go-metal/optimizer/optimizer_test_fixed.go:208.3,208.31 1 0
github.com/tsawler/go-metal/optimizer/optimizer_test_fixed.go:208.31,210.4 1 0
github.com/tsawler/go-metal/optimizer/optimizer_test_fixed.go:212.3,212.34 1 0
github.com/tsawler/go-metal/optimizer/optimizer_test_fixed.go:212.34,214.4 1 0
github.com/tsawler/go-metal/optimizer/optimizer_test_fixed.go:217.2,217.52 1 0
github.com/tsawler/go-metal/optimizer/optimizer_test_fixed.go:217.52,227.35 2 0
github.com/tsawler/go-metal/optimizer/optimizer_test_fixed.go:227.35,229.4 1 0
github.com/tsawler/go-metal/optimizer/optimizer_test_fixed.go:231.3,231.37 1 0
github.com/tsawler/go-metal/optimizer/optimizer_test_fixed.go:231.37,233.4 1 0
github.com/tsawler/go-metal/optimizer/optimizer_test_fixed.go:235.3,235.37 1 0
github.com/tsawler/go-metal/optimizer/optimizer_test_fixed.go:235.37,237.4 1 0
github.com/tsawler/go-metal/optimizer/optimizer_test_fixed.go:239.3,239.62 1 0
github.com/tsawler/go-metal/optimizer/optimizer_test_fixed.go:239.62,241.4 1 0
github.com/tsawler/go-metal/optimizer/optimizer_test_fixed.go:243.3,243.64 1 0
github.com/tsawler/go-metal/optimizer/optimizer_test_fixed.go:243.64,245.4 1 0
github.com/tsawler/go-metal/optimizer/optimizer_test_fixed.go:247.3,247.35 1 0
github.com/tsawler/go-metal/optimizer/optimizer_test_fixed.go:247.35,249.4 1 0
github.com/tsawler/go-metal/optimizer/optimizer_test_fixed.go:252.2,252.48 1 0
github.com/tsawler/go-metal/optimizer/optimizer_test_fixed.go:256.48,257.40 1 0
github.com/tsawler/go-metal/optimizer/optimizer_test_fixed.go:257.40,269.29 2 0
github.com/tsawler/go-metal/optimizer/optimizer_test_fixed.go:269.29,271.4 1 0
github.com/tsawler/go-metal/optimizer/optimizer_test_fixed.go:273.3,273.34 1 0
github.com/tsawler/go-metal/optimizer/optimizer_test_fixed.go:273.34,275.4 1 0
github.com/tsawler/go-metal/optimizer/optimizer_test_fixed.go:277.3,277.31 1 0
github.com/tsawler/go-metal/optimizer/optimizer_test_fixed.go:277.31,279.4 1 0
github.com/tsawler/go-metal/optimizer/optimizer_test_fixed.go:282.2,282.38 1 0
github.com/tsawler/go-metal/optimizer/optimizer_test_fixed.go:286.47,287.49 1 0
github.com/tsawler/go-metal/optimizer/optimizer_test_fixed.go:287.49,297.34 2 0
github.com/tsawler/go-metal/optimizer/optimizer_test_fixed.go:297.34,298.32 1 0
github.com/tsawler/go-metal/optimizer/optimizer_test_fixed.go:298.32,300.5 1 0
github.com/tsawler/go-metal/optimizer/optimizer_test_fixed.go:301.4,301.61 1 0
github.com/tsawler/go-metal/optimizer/optimizer_test_fixed.go:301.61,303.5 1 0
github.com/tsawler/go-metal/optimizer/optimizer_test_fixed.go:307.2,307.46 1 0
github.com/tsawler/go-metal/optimizer/optimizer_test_fixed.go:307.46,313.18 4 0
github.com/tsawler/go-metal/optimizer/optimizer_test_fixed.go:313.18,315.4 1 0
github.com/tsawler/go-metal/optimizer/optimizer_test_fixed.go:318.3,319.47 2 0
github.com/tsawler/go-metal/optimizer/optimizer_test_fixed.go:319.47,321.4 1 0
github.com/tsawler/go-metal/optimizer/optimizer_test_fixed.go:324.2,324.36 1 0
github.com/tsawler/go-metal/optimizer/optimizer_test_fixed.go:328.47,329.44 1 0
github.com/tsawler/go-metal/optimizer/optimizer_test_fixed.go:329.44,333.16 3 0
github.com/tsawler/go-metal/optimizer/optimizer_test_fixed.go:333.16,335.4 1 0
github.com/tsawler/go-metal/optimizer/optimizer_test_fixed.go:338.3,340.16 3 0
github.com/tsawler/go-metal/optimizer/optimizer_test_fixed.go:340.16,342.4 1 0
github.com/tsawler/go-metal/optimizer/optimizer_test_fixed.go:345.3,347.16 3 0
github.com/tsawler/go-metal/optimizer/optimizer_test_fixed.go:347.16,349.4 1 0
github.com/tsawler/go-metal/optimizer/optimizer_test_fixed.go:351.3,351.18 1 0
github.com/tsawler/go-metal/optimizer/optimizer_test_fixed.go:354.2,354.53 1 0
github.com/tsawler/go-metal/optimizer/optimizer_test_fixed.go:354.53,365.38 2 0
github.com/tsawler/go-metal/optimizer/optimizer_test_fixed.go:365.38,367.4 1 0
github.com/tsawler/go-metal/optimizer/optimizer_test_fixed.go:369.3,369.33 1 0
github.com/tsawler/go-metal/optimizer/optimizer_test_fixed.go:369.33,371.4 1 0
github.com/tsawler/go-metal/optimizer/optimizer_test_fixed.go:374.2,374.38 1 0
github.com/tsawler/go-metal/optimizer/optimizer_test_fixed.go:378.47,379.47 1 0
github.com/tsawler/go-metal/optimizer/optimizer_test_fixed.go:379.47,392.32 4 0
github.com/tsawler/go-metal/optimizer/optimizer_test_fixed.go:392.32,394.4 1 0
github.com/tsawler/go-metal/optimizer/optimizer_test_fixed.go:396.3,397.36 2 0
github.com/tsawler/go-metal/optimizer/optimizer_test_fixed.go:397.36,399.4 1 0
github.com/tsawler/go-metal/optimizer/optimizer_test_fixed.go:402.3,403.32 2 0
github.com/tsawler/go-metal/optimizer/optimizer_test_fixed.go:403.32,405.4 1 0
github.com/tsawler/go-metal/optimizer/optimizer_test_fixed.go:408.3,410.31 3 0
github.com/tsawler/go-metal/optimizer/optimizer_test_fixed.go:410.31,412.4 1 0
github.com/tsawler/go-metal/optimizer/optimizer_test_fixed.go:415.2,415.56 1 0
github.com/tsawler/go-metal/optimizer/optimizer_test_fixed.go:415.56,432.44 8 0
github.com/tsawler/go-metal/optimizer/optimizer_test_fixed.go:432.44,434.4 1 0
github.com/tsawler/go-metal/optimizer/optimizer_test_fixed.go:437.3,441.50 4 0
github.com/tsawler/go-metal/optimizer/optimizer_test_fixed.go:441.50,443.4 1 0
github.com/tsawler/go-metal/optimizer/optimizer_test_fixed.go:446.2,446.47 1 0
github.com/tsawler/go-metal/optimizer/optimizer_test_fixed.go:450.51,451.49 1 0
github.com/tsawler/go-metal/optimizer/optimizer_test_fixed.go:451.49,457.37 3 0
github.com/tsawler/go-metal/optimizer/optimizer_test_fixed.go:457.37,464.53 5 0
github.com/tsawler/go-metal/optimizer/optimizer_test_fixed.go:464.53,466.5 1 0
github.com/tsawler/go-metal/optimizer/optimizer_test_fixed.go:468.4,468.53 1 0
github.com/tsawler/go-metal/optimizer/optimizer_test_fixed.go:468.53,470.5 1 0
github.com/tsawler/go-metal/optimizer/optimizer_test_fixed.go:473.4,473.16 1 0
github.com/tsawler/go-metal/optimizer/optimizer_test_fixed.go:473.16,474.79 1 0
github.com/tsawler/go-metal/optimizer/optimizer_test_fixed.go:474.79,476.6 1 0
github.com/tsawler/go-metal/optimizer/optimizer_test_fixed.go:481.2,481.53 1 0
github.com/tsawler/go-metal/optimizer/optimizer_test_fixed.go:481.53,486.38 2 0
github.com/tsawler/go-metal/optimizer/optimizer_test_fixed.go:486.38,488.21 2 0
github.com/tsawler/go-metal/optimizer/optimizer_test_fixed.go:488.21,490.5 1 0
github.com/tsawler/go-metal/optimizer/optimizer_test_fixed.go:491.4,491.39 1 0
github.com/tsawler/go-metal/optimizer/optimizer_test_fixed.go:491.39,493.5 1 0
github.com/tsawler/go-metal/optimizer/optimizer_test_fixed.go:497.3,498.37 2 0
github.com/tsawler/go-metal/optimizer/optimizer_test_fixed.go:498.37,500.47 2 0
github.com/tsawler/go-metal/optimizer/optimizer_test_fixed.go:500.47,502.5 1 0
github.com/tsawler/go-metal/optimizer/optimizer_test_fixed.go:506.2,506.41 1 0
github.com/tsawler/go-metal/optimizer/optimizer_test_fixed.go:510.53,511.47 1 0
github.com/tsawler/go-metal/optimizer/optimizer_test_fixed.go:511.47,515.40 2 0
github.com/tsawler/go-metal/optimizer/optimizer_test_fixed.go:515.40,521.29 3 0
github.com/tsawler/go-metal/optimizer/optimizer_test_fixed.go:521.29,523.5 1 0
github.com/tsawler/go-metal/optimizer/optimizer_test_fixed.go:525.4,525.57 1 0
github.com/tsawler/go-metal/optimizer/optimizer_test_fixed.go:525.57,527.5 1 0
github.com/tsawler/go-metal/optimizer/optimizer_test_fixed.go:531.2,531.47 1 0
github.com/tsawler/go-metal/optimizer/optimizer_test_fixed.go:531.47,538.22 3 0
github.com/tsawler/go-metal/optimizer/optimizer_test_fixed.go:538.22,540.4 1 0
github.com/tsawler/go-metal/optimizer/optimizer_test_fixed.go:543.3,547.27 3 0
github.com/tsawler/go-metal/optimizer/optimizer_test_fixed.go:547.27,552.24 4 0
github.com/tsawler/go-metal/optimizer/optimizer_test_fixed.go:552.24,554.5 1 0
github.com/tsawler/go-metal/optimizer/optimizer_test_fixed.go:556.4,556.37 1 0
github.com/tsawler/go-metal/optimizer/optimizer_test_fixed.go:556.37,558.5 1 0
github.com/tsawler/go-metal/optimizer/optimizer_test_fixed.go:562.2,562.43 1 0
github.com/tsawler/go-metal/optimizer/optimizer_test_fixed.go:571.51,582.27 3 0
github.com/tsawler/go-metal/optimizer/optimizer_test_fixed.go:582.27,585.3 2 0
github.com/tsawler/go-metal/optimizer/optimizer_test_fixed.go:589.51,591.27 2 0
github.com/tsawler/go-metal/optimizer/optimizer_test_fixed.go:591.27,596.3 4 0
github.com/tsawler/go-metal/optimizer/optimizer_test_fixed.go:600.44,605.27 4 0
github.com/tsawler/go-metal/optimizer/optimizer_test_fixed.go:605.27,611.3 5 0
github.com/tsawler/go-metal/optimizer/rmsprop.go:53.43,62.2 1 1
github.com/tsawler/go-metal/optimizer/rmsprop.go:70.35,71.26 1 0
github.com/tsawler/go-metal/optimizer/rmsprop.go:71.26,73.3 1 0
github.com/tsawler/go-metal/optimizer/rmsprop.go:75.2,75.19 1 0
github.com/tsawler/go-metal/optimizer/rmsprop.go:75.19,77.3 1 0
github.com/tsawler/go-metal/optimizer/rmsprop.go:79.2,79.28 1 0
github.com/tsawler/go-metal/optimizer/rmsprop.go:79.28,81.3 1 0
github.com/tsawler/go-metal/optimizer/rmsprop.go:83.2,103.37 3 0
github.com/tsawler/go-metal/optimizer/rmsprop.go:103.37,110.34 4 0
github.com/tsawler/go-metal/optimizer/rmsprop.go:110.34,113.4 2 0
github.com/tsawler/go-metal/optimizer/rmsprop.go:114.3,117.28 2 0
github.com/tsawler/go-metal/optimizer/rmsprop.go:117.28,119.29 2 0
github.com/tsawler/go-metal/optimizer/rmsprop.go:119.29,123.5 3 0
github.com/tsawler/go-metal/optimizer/rmsprop.go:124.4,124.47 1 0
github.com/tsawler/go-metal/optimizer/rmsprop.go:128.3,128.22 1 0
github.com/tsawler/go-metal/optimizer/rmsprop.go:128.22,130.32 2 0
github.com/tsawler/go-metal/optimizer/rmsprop.go:130.32,132.42 2 0
github.com/tsawler/go-metal/optimizer/rmsprop.go:132.42,134.6 1 0
github.com/tsawler/go-metal/optimizer/rmsprop.go:135.5,136.90 2 0
github.com/tsawler/go-metal/optimizer/rmsprop.go:138.4,138.53 1 0
github.com/tsawler/go-metal/optimizer/rmsprop.go:142.3,143.17 2 0
github.com/tsawler/go-metal/optimizer/rmsprop.go:143.17,145.41 2 0
github.com/tsawler/go-metal/optimizer/rmsprop.go:145.41,147.5 1 0
github.com/tsawler/go-metal/optimizer/rmsprop.go:148.4,148.44 1 0
github.com/tsawler/go-metal/optimizer/rmsprop.go:148.44,150.5 1 0
github.com/tsawler/go-metal/optimizer/rmsprop.go:151.4,152.102 2 0
github.com/tsawler/go-metal/optimizer/rmsprop.go:155.3,155.40 1 0
github.com/tsawler/go-metal/optimizer/rmsprop.go:155.40,157.18 2 0
github.com/tsawler/go-metal/optimizer/rmsprop.go:157.18,160.45 3 0
github.com/tsawler/go-metal/optimizer/rmsprop.go:160.45,162.6 1 0
github.com/tsawler/go-metal/optimizer/rmsprop.go:163.5,164.87 2 0
github.com/tsawler/go-metal/optimizer/rmsprop.go:168.3,168.43 1 0
github.com/tsawler/go-metal/optimizer/rmsprop.go:168.43,170.18 2 0
github.com/tsawler/go-metal/optimizer/rmsprop.go:170.18,172.42 2 0
github.com/tsawler/go-metal/optimizer/rmsprop.go:172.42,174.6 1 0
github.com/tsawler/go-metal/optimizer/rmsprop.go:175.5,177.95 3 0
github.com/tsawler/go-metal/optimizer/rmsprop.go:182.2,182.21 1 0
github.com/tsawler/go-metal/optimizer/rmsprop.go:186.62,187.33 1 0
github.com/tsawler/go-metal/optimizer/rmsprop.go:187.33,188.46 1 0
github.com/tsawler/go-metal/optimizer/rmsprop.go:188.46,191.4 2 0
github.com/tsawler/go-metal/optimizer/rmsprop.go:192.3,192.40 1 0
github.com/tsawler/go-metal/optimizer/rmsprop.go:192.40,195.4 2 0
github.com/tsawler/go-metal/optimizer/rmsprop.go:196.3,196.43 1 0
github.com/tsawler/go-metal/optimizer/rmsprop.go:196.43,199.4 2 0
github.com/tsawler/go-metal/optimizer/rmsprop.go:205.94,206.54 1 0
github.com/tsawler/go-metal/optimizer/rmsprop.go:206.54,208.3 1 0
github.com/tsawler/go-metal/optimizer/rmsprop.go:210.2,211.12 2 0
github.com/tsawler/go-metal/optimizer/rmsprop.go:215.84,216.56 1 0
github.com/tsawler/go-metal/optimizer/rmsprop.go:216.56,219.3 1 0
github.com/tsawler/go-metal/optimizer/rmsprop.go:221.2,241.16 4 0
github.com/tsawler/go-metal/optimizer/rmsprop.go:241.16,243.3 1 0
github.com/tsawler/go-metal/optimizer/rmsprop.go:245.2,245.12 1 0
github.com/tsawler/go-metal/optimizer/rmsprop.go:249.73,251.2 1 0
github.com/tsawler/go-metal/optimizer/rmsprop.go:254.82,257.2 2 0
github.com/tsawler/go-metal/optimizer/rmsprop.go:260.56,262.2 1 0
github.com/tsawler/go-metal/optimizer/rmsprop.go:265.63,277.2 1 0
github.com/tsawler/go-metal/optimizer/rmsprop.go:293.64,295.43 2 0
github.com/tsawler/go-metal/optimizer/rmsprop.go:295.43,297.29 2 0
github.com/tsawler/go-metal/optimizer/rmsprop.go:297.29,299.4 1 0
github.com/tsawler/go-metal/optimizer/rmsprop.go:300.3,300.23 1 0
github.com/tsawler/go-metal/optimizer/rmsprop.go:300.23,302.4 1 0
github.com/tsawler/go-metal/optimizer/rmsprop.go:304.2,304.14 1 0
github.com/tsawler/go-metal/optimizer/rmsprop.go:308.49,309.47 1 0
github.com/tsawler/go-metal/optimizer/rmsprop.go:309.47,310.46 1 0
github.com/tsawler/go-metal/optimizer/rmsprop.go:310.46,313.4 2 0
github.com/tsawler/go-metal/optimizer/rmsprop.go:314.3,314.40 1 0
github.com/tsawler/go-metal/optimizer/rmsprop.go:314.40,317.4 2 0
github.com/tsawler/go-metal/optimizer/rmsprop.go:318.3,318.43 1 0
github.com/tsawler/go-metal/optimizer/rmsprop.go:318.43,321.4 2 0
github.com/tsawler/go-metal/optimizer/rmsprop.go:325.2,329.27 5 0
